<?xml version="1.0" encoding="UTF-8"?>
<!-- Generated by org.testng.reporters.JUnitReportReporter -->
<testsuite hostname="DESKTOP-I5T74FL" failures="0" tests="1" name="gmail.Receivemailtest" time="0.013" errors="0" timestamp="2023-03-21T12:57:47 IST" skipped="0">
  <testcase classname="gmail.Receivemailtest" name="receivemailtest" time="0.013"/>
  <system-out/>
</testsuite> <!-- gmail.Receivemailtest -->
