<?xml version="1.0" encoding="UTF-8"?>
<!-- Generated by org.testng.reporters.JUnitReportReporter -->
<testsuite hostname="DESKTOP-I5T74FL" failures="0" tests="1" name="gmail.sentmailtest" time="0.038" errors="0" timestamp="2023-03-21T12:57:47 IST" skipped="0">
  <testcase classname="gmail.sentmailtest" name="gmailsent" time="0.038"/>
  <system-out/>
</testsuite> <!-- gmail.sentmailtest -->
