<?xml version="1.0" encoding="UTF-8"?>
<!-- Generated by org.testng.reporters.JUnitReportReporter -->
<testsuite hostname="DESKTOP-I5T74FL" failures="0" tests="1" name="Testcases.NurseryTest" time="1.117" errors="0" timestamp="2023-07-14T16:56:56 IST" skipped="0">
  <testcase classname="Testcases.NurseryTest" name="GardenTest" time="1.117"/>
  <system-out/>
</testsuite> <!-- Testcases.NurseryTest -->
