<?xml version="1.0" encoding="UTF-8"?>
<!-- Generated by org.testng.reporters.JUnitReportReporter -->
<testsuite hostname="DESKTOP-I5T74FL" failures="0" tests="2" name="Testcases.flightloginexecution" time="13.373" errors="0" timestamp="2023-07-14T15:54:54 IST" skipped="0">
  <testcase classname="Testcases.flightloginexecution" name="registrationexe" time="5.353"/>
  <system-out/>
  <testcase classname="Testcases.flightloginexecution" name="frlogin" time="8.020"/>
  <system-out/>
</testsuite> <!-- Testcases.flightloginexecution -->
