<?xml version="1.0" encoding="UTF-8"?>
<!-- Generated by org.testng.reporters.JUnitReportReporter -->
<testsuite hostname="DESKTOP-I5T74FL" failures="0" tests="1" name="orangehrm.testcases.UserRegtestTNG" time="0.000" errors="0" timestamp="2023-07-11T12:48:45 IST" skipped="1">
  <testcase classname="orangehrm.testcases.UserRegtestTNG" name="checkUserreg" time="0.000">
    <skipped/>
  </testcase> <!-- checkUserreg -->
  <system-out/>
</testsuite> <!-- orangehrm.testcases.UserRegtestTNG -->
