<?xml version="1.0" encoding="UTF-8"?>
<!-- Generated by org.testng.reporters.JUnitReportReporter -->
<testsuite hostname="DESKTOP-I5T74FL" failures="0" tests="1" name="com.testcases.logintest" time="70.386" errors="0" timestamp="2023-09-06T12:06:55 IST" skipped="0">
  <testcase classname="com.testcases.logintest" name="testlogin" time="70.386"/>
  <system-out/>
</testsuite> <!-- com.testcases.logintest -->
